<?xml version="1.0" encoding="UTF-8"?>
<!-- Generated by org.testng.reporters.JUnitXMLReporter -->
<testsuite ignored="0" hostname="LAPTOP-22R4V3MJ" failures="2" tests="4" name="Personal loan" time="0.082" errors="0" timestamp="2024-05-01T16:03:46 IST">
  <testcase classname="testng_practice.Ex1_testng_basics" name="demo" time="0.005"/>
  <testcase classname="testng_practice.Ex1_testng_basics" name="demo2" time="0.007">
    <failure type="java.lang.AssertionError" message="expected [true] but found [false]">
      <![CDATA[java.lang.AssertionError: expected [true] but found [false]
at testng_practice.Ex1_testng_basics.demo2(Ex1_testng_basics.java:19)
at java.base/java.util.ArrayList.forEach(ArrayList.java:1597)
... Removed 29 stack frames]]>
    </failure>
  </testcase> <!-- demo2 -->
  <testcase classname="testng_practice.Ex1_testng_basics2" name="ploan" time="0.0">
    <failure type="org.testng.TestNGException" message="
Parameter &amp;apos;URL&amp;apos; is required by @Test on method ploan but has not been marked @Optional or defined
in C:\nilesh software training\interview\practice\testngListerners.xml">
      <![CDATA[org.testng.TestNGException: 
Parameter 'URL' is required by @Test on method ploan but has not been marked @Optional or defined
in C:\nilesh software training\interview\practice\testngListerners.xml
at java.base/java.util.ArrayList.forEach(ArrayList.java:1597)
... Removed 26 stack frames]]>
    </failure>
  </testcase> <!-- ploan -->
  <testcase classname="testng_practice.Ex1_testng_basics2" name="ploan2" time="0.004"/>
</testsuite> <!-- Personal loan -->
